319  [main] DEBUG org.testng.TestNG - suiteXmlPath: "C:\Users\habeeb_mohamed\Desktop\epam\Appium\src\test\resources\testng\testng.xml"
757  [main] INFO  org.testng.ISuiteListener - 
			===== Starting a new suite execution =====

842  [TestNG-tests-1] INFO  c.e.d.android.AndroidOptions - Constructing Driver capabilities...
864  [TestNG-tests-1] INFO  c.e.d.android.AndroidOptions - Driver Options : Capabilities {appium:app: C:\Users\habeeb_mohamed\Des..., appium:appActivity: .MainActivity, appium:appPackage: com.swaglabsmobileapp, appium:automationName: UIAutomator2, appium:clearDeviceLogsOnStart: true, appium:enablePerformanceLogging: true, appium:mjpegScreenshotUrl: http://localhost:9100, appium:mjpegServerPort: 9100, appium:newCommandTimeout: 120, appium:platformVersion: 9.0, appium:printPageSourceOnFindFailure: true, appium:systemPort: 8110, platformName: ANDROID}
1363 [TestNG-tests-1] ERROR com.epam.listeners.TestListener - Could not start a new session. Possible causes are invalid address of the remote server or browser start-up failure. 
Host info: host: 'EPINBANW030B', ip: '192.168.1.4'
1363 [main] INFO  org.testng.ISuiteListener - 
			===== Execution Ended =====

338  [main] DEBUG org.testng.TestNG - suiteXmlPath: "C:\Users\habeeb_mohamed\Desktop\epam\Appium\src\test\resources\testng\testng.xml"
744  [main] INFO  org.testng.ISuiteListener - 
			===== Starting a new suite execution =====

809  [TestNG-tests-1] INFO  c.e.d.android.AndroidOptions - Constructing Driver capabilities...
824  [TestNG-tests-1] INFO  c.e.d.android.AndroidOptions - Driver Options : Capabilities {appium:app: C:\Users\habeeb_mohamed\Des..., appium:appActivity: .MainActivity, appium:appPackage: com.swaglabsmobileapp, appium:automationName: UIAutomator2, appium:clearDeviceLogsOnStart: true, appium:enablePerformanceLogging: true, appium:mjpegScreenshotUrl: http://localhost:9100, appium:mjpegServerPort: 9100, appium:newCommandTimeout: 120, appium:platformVersion: 9.0, appium:printPageSourceOnFindFailure: true, appium:systemPort: 8110, platformName: ANDROID}
15401 [TestNG-tests-1] INFO  c.epam.utils.reporting.ExtentReport - Initializing Extent report...
15967 [TestNG-tests-1] INFO  com.epam.pages.LogIn - Enter username to login : standard_user
17297 [TestNG-tests-1] INFO  com.epam.pages.LogIn - Enter password to login : Located by By.chained({By.xpath: //android.widget.EditText[@content-desc='test-Username']})
17672 [TestNG-tests-1] INFO  com.epam.pages.LogIn - click login button
17942 [TestNG-tests-1] DEBUG com.epam.utils.locators.Locator - Initializing locators from class com.epam.pages.Products
17961 [TestNG-tests-1] INFO  com.epam.listeners.TestListener - ***** Starting Test : checkoutThroughNativeApp from com.epam.tests.AppTests *****
17967 [TestNG-tests-1] INFO  com.epam.utils.reporting.VideoLog - Started Recording for test : checkoutThroughNativeApp
18808 [TestNG-tests-1] DEBUG com.epam.utils.locators.Locator - Initializing locators from class com.epam.pages.Products
18808 [TestNG-tests-1] INFO  com.epam.pages.Products - Validating products page
20539 [TestNG-tests-1] INFO  com.epam.pages.Products - Select Menu Button
20655 [TestNG-tests-1] INFO  com.epam.pages.Menu - Selecting "All Items" from Menu list
22496 [TestNG-tests-1] DEBUG com.epam.utils.locators.Locator - Initializing locators from class com.epam.pages.Products
22496 [TestNG-tests-1] INFO  com.epam.pages.Products - Sort Items By Name (A to Z)
25874 [TestNG-tests-1] INFO  com.epam.pages.Products - Select Item : Sauce Labs Bike Light
27358 [TestNG-tests-1] INFO  com.epam.pages.Products - Click on Add To Cart
40595 [TestNG-tests-1] INFO  com.epam.pages.Products - Move to cart page
40747 [TestNG-tests-1] DEBUG com.epam.utils.locators.Locator - Initializing locators from class com.epam.pages.Cart
40747 [TestNG-tests-1] INFO  com.epam.pages.Cart - Item Name Locator : Sauce Labs Bike Light
40747 [TestNG-tests-1] INFO  com.epam.pages.Cart - Item Price Locator : Sauce Labs Bike Light
43149 [TestNG-tests-1] INFO  com.epam.pages.Cart - Validating if Sauce Labs Bike Lightis visible
43239 [TestNG-tests-1] INFO  com.epam.pages.Cart - Comparing act price of the item with the exp price
43239 [TestNG-tests-1] INFO  com.epam.pages.Cart - Performing check-out
43322 [TestNG-tests-1] DEBUG com.epam.utils.locators.Locator - Initializing locators from class com.epam.pages.CheckOut
43322 [TestNG-tests-1] INFO  com.epam.pages.CheckOut - Fill checkout details : fName - Habeeb, lName - Mohamed, postalCode - 612536
47075 [TestNG-tests-1] INFO  com.epam.pages.CheckOut - Continue to checkout
47961 [TestNG-tests-1] INFO  com.epam.pages.CheckOut - Finish checkout
60702 [TestNG-tests-1] INFO  com.epam.pages.CheckOut - Verify thank you message
62082 [TestNG-tests-1] INFO  com.epam.pages.CheckOut - Back to Home
62163 [TestNG-tests-1] DEBUG com.epam.utils.locators.Locator - Initializing locators from class com.epam.pages.Products
62164 [TestNG-tests-1] INFO  com.epam.listeners.TestListener - ***** Test : checkoutThroughNativeAppfrom com.epam.tests.AppTests successfully completed *****
62165 [TestNG-tests-1] INFO  com.epam.utils.reporting.VideoLog - Stopped Recording for test : checkoutThroughNativeApp
64532 [TestNG-tests-1] INFO  com.epam.utils.reporting.VideoLog - Started Recording for test : checkoutThroughNativeApp
65181 [TestNG-tests-1] INFO  com.epam.listeners.TestListener - ***** Starting Test : checkoutThroughWebView from com.epam.tests.AppTests *****
65182 [TestNG-tests-1] INFO  com.epam.utils.reporting.VideoLog - Started Recording for test : checkoutThroughWebView
66924 [TestNG-tests-1] DEBUG com.epam.utils.locators.Locator - Initializing locators from class com.epam.pages.Products
66925 [TestNG-tests-1] INFO  com.epam.pages.Products - Select Menu Button
67043 [TestNG-tests-1] INFO  com.epam.pages.Menu - Selecting "WebView" from Menu list
69456 [TestNG-tests-1] DEBUG com.epam.utils.locators.Locator - Initializing locators from class com.epam.pages.WebView
69457 [TestNG-tests-1] INFO  com.epam.pages.WebView - Enter url https://www.amazon.in in the search box
72036 [TestNG-tests-1] INFO  com.epam.pages.WebView - Perform tap to go the web site
72965 [TestNG-tests-1] DEBUG com.epam.utils.locators.Locator - Initializing locators from class com.epam.pages.amazon.Amazon
73195 [TestNG-tests-1] INFO  com.epam.pages.amazon.Amazon - Searching item : Samsung Mobile M53
92890 [TestNG-tests-1] INFO  com.epam.pages.amazon.Amazon - Selecting item from search results
105705 [TestNG-tests-1] INFO  com.epam.pages.amazon.Amazon - Adding item to the cart
242945 [TestNG-tests-1] INFO  com.epam.pages.amazon.Amazon - Validating Add to Cart success message
246030 [TestNG-tests-1] INFO  com.epam.listeners.TestListener - ***** Test : checkoutThroughWebViewfrom com.epam.tests.AppTests successfully completed *****
246030 [TestNG-tests-1] INFO  com.epam.utils.reporting.VideoLog - Stopped Recording for test : checkoutThroughWebView
248550 [TestNG-tests-1] INFO  com.epam.utils.reporting.VideoLog - Started Recording for test : checkoutThroughWebView
249538 [TestNG-tests-1] INFO  c.epam.utils.reporting.ExtentReport - Flushing the report
249720 [TestNG-tests-1] INFO  com.epam.drivermanager.Driver - Quitting driver
250292 [TestNG-tests-1] INFO  com.epam.drivermanager.Driver - Removed driver from thread local variable
250313 [main] INFO  org.testng.ISuiteListener - 
			===== Execution Ended =====

